openCVLibrary343/build/intermediates/manifest_merge_blame_file/debug/manifest-merger-blame-debug-report.txt
1<?xml version="1.0" encoding="utf-8"?>
2<manifest xmlns:android="http://schemas.android.com/apk/res/android"
3    package="org.opencv"
4    android:versionCode="3430"
5    android:versionName="3.4.3" >
6
7    <uses-sdk android:targetSdkVersion="21" />
7-->src\main\AndroidManifest.xml:7:5-47
7-->src\main\AndroidManifest.xml:7:15-44
8
9    <uses-permission android:name="android.permission.CAMERA" />
9-->src\main\AndroidManifest.xml:8:5-65
9-->src\main\AndroidManifest.xml:8:22-62
10
11</manifest>